Using pre-set license
Built from '2020.3/release' branch; Version is '2020.3.2f1 (8fd9074bf66c) revision 9427207'; Using compiler version '192528614'; Build Type 'Release'
OS: 'Windows 10 Home Single Language; OS build 22000.613; Version 2009; 64bit' Language: 'en' Physical Memory: 6091 MB
BatchMode: 1, IsHumanControllingUs: 0, StartBugReporterOnCrash: 0, Is64bit: 1, IsPro: 0

 COMMAND LINE ARGUMENTS:
C:\Program Files\Unity\Editor\Unity.exe
-adb2
-batchMode
-noUpm
-name
AssetImportWorker0
-projectPath
D:/UNITY/GAME01/WinRUN
-logFile
Logs/AssetImportWorker0.log
-srvPort
57509
Successfully changed project path to: D:/UNITY/GAME01/WinRUN
D:/UNITY/GAME01/WinRUN
Using Asset Import Pipeline V2.
Refreshing native plugins compatible for Editor in 39.12 ms, found 0 plugins.
Preloading 0 native plugins for Editor in 0.00 ms.
Initialize engine version: 2020.3.2f1 (8fd9074bf66c)
[Subsystems] Discovering subsystems at path C:/Program Files/Unity/Editor/Data/Resources/UnitySubsystems
[Subsystems] Discovering subsystems at path D:/UNITY/GAME01/WinRUN/Assets
GfxDevice: creating device client; threaded=0
Direct3D:
    Version:  Direct3D 11.0 [level 11.1]
    Renderer: AMD Radeon(TM) Vega 8 Graphics (ID=0x15d8)
    Vendor:   
    VRAM:     3045 MB
    Driver:   30.0.13026.3
Initialize mono
Mono path[0] = 'C:/Program Files/Unity/Editor/Data/Managed'
Mono path[1] = 'C:/Program Files/Unity/Editor/Data/MonoBleedingEdge/lib/mono/unityjit'
Mono config path = 'C:/Program Files/Unity/Editor/Data/MonoBleedingEdge/etc'
Using monoOptions --debugger-agent=transport=dt_socket,embedding=1,server=y,suspend=n,address=127.0.0.1:56556
Begin MonoManager ReloadAssembly
Registering precompiled unity dll's ...
Register platform support module: C:/Program Files/Unity/Editor/Data/PlaybackEngines/WindowsStandaloneSupport/UnityEditor.WindowsStandalone.Extensions.dll
Registered in 0.005628 seconds.
Native extension for WindowsStandalone target not found
Refreshing native plugins compatible for Editor in 36.47 ms, found 0 plugins.
Preloading 0 native plugins for Editor in 0.00 ms.
Invoked RoslynAnalysisRunner static constructor.
RoslynAnalysisRunner will not be running.
RoslynAnalysisRunner has terminated.
Mono: successfully reloaded assembly
- Completed reload, in  1.358 seconds
Platform modules already initialized, skipping
Registering precompiled user dll's ...
Registered in 0.001032 seconds.
Begin MonoManager ReloadAssembly
Native extension for WindowsStandalone target not found
Refreshing native plugins compatible for Editor in 0.42 ms, found 0 plugins.
Preloading 0 native plugins for Editor in 0.00 ms.
Invoked RoslynAnalysisRunner static constructor.
RoslynAnalysisRunner will not be running.
RoslynAnalysisRunner has terminated.
Mono: successfully reloaded assembly
- Completed reload, in  1.151 seconds
Platform modules already initialized, skipping
========================================================================
Worker process is ready to serve import requests
Launched and connected shader compiler UnityShaderCompiler.exe after 0.07 seconds
Refreshing native plugins compatible for Editor in 0.43 ms, found 0 plugins.
Preloading 0 native plugins for Editor in 0.00 ms.
Unloading 1207 Unused Serialized files (Serialized files now loaded: 0)
System memory in use before: 157.7 MB.
System memory in use after: 157.8 MB.

Unloading 9 unused Assets to reduce memory usage. Loaded Objects now: 1687.
Total: 2.902100 ms (FindLiveObjects: 0.395100 ms CreateObjectMapping: 0.072200 ms MarkObjects: 2.240500 ms  DeleteObjects: 0.192100 ms)

========================================================================
Received Import Request.
  path: Assets/Scenes/GameOverScene.unity
  artifactKey: Guid(638321f55f964f94a84febdec1e82d49) Importer(815301076,1909f56bfc062723c751e8b465ee728b)
Start importing Assets/Scenes/GameOverScene.unity using Guid(638321f55f964f94a84febdec1e82d49) Importer(815301076,1909f56bfc062723c751e8b465ee728b)  -> (artifact id: 'c1ad524190442bc9b87c90c9b5bd076b') in 0.016071 seconds
  Import took 0.020963 seconds .

========================================================================
Received Import Request.
  Time since last request: 0.000363 seconds.
  path: Assets/Scenes/FinalScene.unity
  artifactKey: Guid(c2f6fc1fc7ea923408d32d0438c70e3c) Importer(815301076,1909f56bfc062723c751e8b465ee728b)
Start importing Assets/Scenes/FinalScene.unity using Guid(c2f6fc1fc7ea923408d32d0438c70e3c) Importer(815301076,1909f56bfc062723c751e8b465ee728b)  -> (artifact id: '22b1b66373de4d9a2721c40ce1193c05') in 0.007040 seconds
  Import took 0.010101 seconds .

========================================================================
Received Import Request.
  Time since last request: 0.000343 seconds.
  path: Assets/Scenes/Lv2.unity
  artifactKey: Guid(55defe9c8b5323e4b9e158cfffd1493e) Importer(815301076,1909f56bfc062723c751e8b465ee728b)
Start importing Assets/Scenes/Lv2.unity using Guid(55defe9c8b5323e4b9e158cfffd1493e) Importer(815301076,1909f56bfc062723c751e8b465ee728b)  -> (artifact id: 'd92726aaf98ac2d1f728c5c8f040ad49') in 0.006119 seconds
  Import took 0.009700 seconds .

========================================================================
Received Import Request.
  Time since last request: 1.660905 seconds.
  path: Assets/Scenes/manish wala scene.unity
  artifactKey: Guid(d0a20e36f74f4a748b7d92d51a25dbaf) Importer(815301076,1909f56bfc062723c751e8b465ee728b)
Start importing Assets/Scenes/manish wala scene.unity using Guid(d0a20e36f74f4a748b7d92d51a25dbaf) Importer(815301076,1909f56bfc062723c751e8b465ee728b)  -> (artifact id: '23d623536a95a931b0b3f9ffc24848de') in 0.007734 seconds
  Import took 0.010834 seconds .

========================================================================
Received Import Request.
  Time since last request: 3.561944 seconds.
  path: Assets/Scenes/MenuScene.unity
  artifactKey: Guid(90ebe5d91f8ad7f44af81a0271797241) Importer(815301076,1909f56bfc062723c751e8b465ee728b)
Start importing Assets/Scenes/MenuScene.unity using Guid(90ebe5d91f8ad7f44af81a0271797241) Importer(815301076,1909f56bfc062723c751e8b465ee728b)  -> (artifact id: 'fba373568bce807729791861d9d96d48') in 0.009542 seconds
  Import took 0.013311 seconds .

AssetImportWorkerClient::OnTransportError - code=2 error=End of file
